2019-11-09 12:37:41.910  INFO 21052 --- [main] com.example.demo.SareetaApplication      : Starting SareetaApplication on LAPTOP-1QLC5FR0 with PID 21052 (started by Yogita Nesargi in C:\P04-eCommerce Application\starter_code)
2019-11-09 12:37:41.933  INFO 21052 --- [main] com.example.demo.SareetaApplication      : No active profile set, falling back to default profiles: default
2019-11-09 12:37:48.327  INFO 21052 --- [main] .s.d.r.c.RepositoryConfigurationDelegate : Bootstrapping Spring Data repositories in DEFAULT mode.
2019-11-09 12:37:51.305  INFO 21052 --- [main] .s.d.r.c.RepositoryConfigurationDelegate : Finished Spring Data repository scanning in 2912ms. Found 4 repository interfaces.
2019-11-09 12:37:56.677  INFO 21052 --- [main] faultConfiguringBeanFactoryPostProcessor : No bean named 'errorChannel' has been explicitly defined. Therefore, a default PublishSubscribeChannel will be created.
2019-11-09 12:37:56.723  INFO 21052 --- [main] faultConfiguringBeanFactoryPostProcessor : No bean named 'taskScheduler' has been explicitly defined. Therefore, a default ThreadPoolTaskScheduler will be created.
2019-11-09 12:37:56.747  INFO 21052 --- [main] faultConfiguringBeanFactoryPostProcessor : No bean named 'integrationHeaderChannelRegistry' has been explicitly defined. Therefore, a default DefaultHeaderChannelRegistry will be created.
2019-11-09 12:37:57.537  INFO 21052 --- [main] trationDelegate$BeanPostProcessorChecker : Bean 'org.springframework.transaction.annotation.ProxyTransactionManagementConfiguration' of type [org.springframework.transaction.annotation.ProxyTransactionManagementConfiguration$$EnhancerBySpringCGLIB$$2a493ca0] is not eligible for getting processed by all BeanPostProcessors (for example: not eligible for auto-proxying)
2019-11-09 12:37:57.781  INFO 21052 --- [main] trationDelegate$BeanPostProcessorChecker : Bean 'org.springframework.integration.config.IntegrationManagementConfiguration' of type [org.springframework.integration.config.IntegrationManagementConfiguration$$EnhancerBySpringCGLIB$$953af7cf] is not eligible for getting processed by all BeanPostProcessors (for example: not eligible for auto-proxying)
2019-11-09 12:37:57.920  INFO 21052 --- [main] trationDelegate$BeanPostProcessorChecker : Bean 'integrationDisposableAutoCreatedBeans' of type [org.springframework.integration.config.annotation.Disposables] is not eligible for getting processed by all BeanPostProcessors (for example: not eligible for auto-proxying)
2019-11-09 12:38:02.367  INFO 21052 --- [main] o.s.b.w.embedded.tomcat.TomcatWebServer  : Tomcat initialized with port(s): 8080 (http)
2019-11-09 12:38:02.523  INFO 21052 --- [main] o.apache.catalina.core.StandardService   : Starting service [Tomcat]
2019-11-09 12:38:02.525  INFO 21052 --- [main] org.apache.catalina.core.StandardEngine  : Starting Servlet engine: [Apache Tomcat/9.0.19]
2019-11-09 12:38:03.514  INFO 21052 --- [main] o.a.c.c.C.[Tomcat].[localhost].[/]       : Initializing Spring embedded WebApplicationContext
2019-11-09 12:38:03.517  INFO 21052 --- [main] o.s.web.context.ContextLoader            : Root WebApplicationContext: initialization completed in 20639 ms
2019-11-09 12:38:05.037  INFO 21052 --- [main] com.zaxxer.hikari.HikariDataSource       : HikariPool-1 - Starting...
2019-11-09 12:38:06.280  INFO 21052 --- [main] com.zaxxer.hikari.HikariDataSource       : HikariPool-1 - Start completed.
2019-11-09 12:38:07.550  INFO 21052 --- [main] o.hibernate.jpa.internal.util.LogHelper  : HHH000204: Processing PersistenceUnitInfo [
	name: default
	...]
2019-11-09 12:38:09.155  INFO 21052 --- [main] org.hibernate.Version                    : HHH000412: Hibernate Core {5.3.10.Final}
2019-11-09 12:38:09.161  INFO 21052 --- [main] org.hibernate.cfg.Environment            : HHH000206: hibernate.properties not found
2019-11-09 12:38:13.215  INFO 21052 --- [main] o.hibernate.annotations.common.Version   : HCANN000001: Hibernate Commons Annotations {5.0.4.Final}
2019-11-09 12:38:14.961  INFO 21052 --- [main] org.hibernate.dialect.Dialect            : HHH000400: Using dialect: org.hibernate.dialect.H2Dialect
2019-11-09 12:38:23.148  INFO 21052 --- [main] j.LocalContainerEntityManagerFactoryBean : Initialized JPA EntityManagerFactory for persistence unit 'default'
2019-11-09 12:38:27.434  INFO 21052 --- [main] o.s.s.web.DefaultSecurityFilterChain     : Creating filter chain: any request, [org.springframework.security.web.context.request.async.WebAsyncManagerIntegrationFilter@2e4ecdf8, org.springframework.security.web.context.SecurityContextPersistenceFilter@2520aa05, org.springframework.security.web.header.HeaderWriterFilter@5fc7255c, org.springframework.web.filter.CorsFilter@503a7990, org.springframework.security.web.authentication.logout.LogoutFilter@6d3ad37a, com.example.demo.security.JWTAuthenticationFilter@69a90b81, com.example.demo.security.JWTAuthorizationFilter@6dcbbb49, org.springframework.security.web.savedrequest.RequestCacheAwareFilter@46894dc5, org.springframework.security.web.servletapi.SecurityContextHolderAwareRequestFilter@3e39f08c, org.springframework.security.web.authentication.AnonymousAuthenticationFilter@35329a05, org.springframework.security.web.session.SessionManagementFilter@70c205bf, org.springframework.security.web.access.ExceptionTranslationFilter@100807ca, org.springframework.security.web.access.intercept.FilterSecurityInterceptor@64f3991e]
2019-11-09 12:38:28.377  INFO 21052 --- [main] o.s.s.concurrent.ThreadPoolTaskExecutor  : Initializing ExecutorService 'applicationTaskExecutor'
2019-11-09 12:38:28.612  WARN 21052 --- [main] aWebConfiguration$JpaWebMvcConfiguration : spring.jpa.open-in-view is enabled by default. Therefore, database queries may be performed during view rendering. Explicitly configure spring.jpa.open-in-view to disable this warning
2019-11-09 12:38:30.486  INFO 21052 --- [main] o.s.s.c.ThreadPoolTaskScheduler          : Initializing ExecutorService 'taskScheduler'
2019-11-09 12:38:30.807  INFO 21052 --- [main] o.s.i.endpoint.EventDrivenConsumer       : Adding {logging-channel-adapter:_org.springframework.integration.errorLogger} as a subscriber to the 'errorChannel' channel
2019-11-09 12:38:30.820  INFO 21052 --- [main] o.s.i.channel.PublishSubscribeChannel    : Channel 'application.errorChannel' has 1 subscriber(s).
2019-11-09 12:38:30.823  INFO 21052 --- [main] o.s.i.endpoint.EventDrivenConsumer       : started _org.springframework.integration.errorLogger
2019-11-09 12:38:31.279  INFO 21052 --- [main] o.s.b.w.embedded.tomcat.TomcatWebServer  : Tomcat started on port(s): 8080 (http) with context path ''
2019-11-09 12:38:31.361  INFO 21052 --- [main] com.example.demo.SareetaApplication      : Started SareetaApplication in 52.468 seconds (JVM running for 57.747)
2019-11-09 12:38:31.386 ERROR 21052 --- [main] com.example.demo.SareetaApplication      : Message logged at ERROR level
2019-11-09 12:38:31.389  WARN 21052 --- [main] com.example.demo.SareetaApplication      : Message logged at WARN level
2019-11-09 12:38:31.392  INFO 21052 --- [main] com.example.demo.SareetaApplication      : Message logged at INFO level
