2019-11-09 12:44:20.359  INFO 21572 --- [main] com.example.demo.SareetaApplication      : Starting SareetaApplication on LAPTOP-1QLC5FR0 with PID 21572 (started by Yogita Nesargi in C:\P04-eCommerce Application\starter_code)
2019-11-09 12:44:20.435  INFO 21572 --- [main] com.example.demo.SareetaApplication      : No active profile set, falling back to default profiles: default
2019-11-09 12:44:26.454  INFO 21572 --- [main] .s.d.r.c.RepositoryConfigurationDelegate : Bootstrapping Spring Data repositories in DEFAULT mode.
2019-11-09 12:44:27.966  INFO 21572 --- [main] .s.d.r.c.RepositoryConfigurationDelegate : Finished Spring Data repository scanning in 1430ms. Found 4 repository interfaces.
2019-11-09 12:44:33.727  INFO 21572 --- [main] faultConfiguringBeanFactoryPostProcessor : No bean named 'errorChannel' has been explicitly defined. Therefore, a default PublishSubscribeChannel will be created.
2019-11-09 12:44:33.827  INFO 21572 --- [main] faultConfiguringBeanFactoryPostProcessor : No bean named 'taskScheduler' has been explicitly defined. Therefore, a default ThreadPoolTaskScheduler will be created.
2019-11-09 12:44:33.879  INFO 21572 --- [main] faultConfiguringBeanFactoryPostProcessor : No bean named 'integrationHeaderChannelRegistry' has been explicitly defined. Therefore, a default DefaultHeaderChannelRegistry will be created.
2019-11-09 12:44:35.626  INFO 21572 --- [main] trationDelegate$BeanPostProcessorChecker : Bean 'org.springframework.transaction.annotation.ProxyTransactionManagementConfiguration' of type [org.springframework.transaction.annotation.ProxyTransactionManagementConfiguration$$EnhancerBySpringCGLIB$$da00997d] is not eligible for getting processed by all BeanPostProcessors (for example: not eligible for auto-proxying)
2019-11-09 12:44:35.960  INFO 21572 --- [main] trationDelegate$BeanPostProcessorChecker : Bean 'org.springframework.integration.config.IntegrationManagementConfiguration' of type [org.springframework.integration.config.IntegrationManagementConfiguration$$EnhancerBySpringCGLIB$$44f254ac] is not eligible for getting processed by all BeanPostProcessors (for example: not eligible for auto-proxying)
2019-11-09 12:44:36.094  INFO 21572 --- [main] trationDelegate$BeanPostProcessorChecker : Bean 'integrationDisposableAutoCreatedBeans' of type [org.springframework.integration.config.annotation.Disposables] is not eligible for getting processed by all BeanPostProcessors (for example: not eligible for auto-proxying)
2019-11-09 12:44:41.707  INFO 21572 --- [main] o.s.b.w.embedded.tomcat.TomcatWebServer  : Tomcat initialized with port(s): 8080 (http)
2019-11-09 12:44:42.157  INFO 21572 --- [main] o.apache.catalina.core.StandardService   : Starting service [Tomcat]
2019-11-09 12:44:42.163  INFO 21572 --- [main] org.apache.catalina.core.StandardEngine  : Starting Servlet engine: [Apache Tomcat/9.0.19]
2019-11-09 12:44:44.279  INFO 21572 --- [main] o.a.c.c.C.[Tomcat].[localhost].[/]       : Initializing Spring embedded WebApplicationContext
2019-11-09 12:44:44.283  INFO 21572 --- [main] o.s.web.context.ContextLoader            : Root WebApplicationContext: initialization completed in 23199 ms
2019-11-09 12:44:47.113  INFO 21572 --- [main] com.zaxxer.hikari.HikariDataSource       : HikariPool-1 - Starting...
2019-11-09 12:44:49.109  INFO 21572 --- [main] com.zaxxer.hikari.HikariDataSource       : HikariPool-1 - Start completed.
2019-11-09 12:44:50.339  INFO 21572 --- [main] o.hibernate.jpa.internal.util.LogHelper  : HHH000204: Processing PersistenceUnitInfo [
	name: default
	...]
2019-11-09 12:44:51.463  INFO 21572 --- [main] org.hibernate.Version                    : HHH000412: Hibernate Core {5.3.10.Final}
2019-11-09 12:44:51.481  INFO 21572 --- [main] org.hibernate.cfg.Environment            : HHH000206: hibernate.properties not found
2019-11-09 12:44:53.449  INFO 21572 --- [main] o.hibernate.annotations.common.Version   : HCANN000001: Hibernate Commons Annotations {5.0.4.Final}
2019-11-09 12:44:54.943  INFO 21572 --- [main] org.hibernate.dialect.Dialect            : HHH000400: Using dialect: org.hibernate.dialect.H2Dialect
2019-11-09 12:45:03.836  INFO 21572 --- [main] j.LocalContainerEntityManagerFactoryBean : Initialized JPA EntityManagerFactory for persistence unit 'default'
2019-11-09 12:45:11.993  INFO 21572 --- [main] o.s.s.web.DefaultSecurityFilterChain     : Creating filter chain: any request, [org.springframework.security.web.context.request.async.WebAsyncManagerIntegrationFilter@28bd5015, org.springframework.security.web.context.SecurityContextPersistenceFilter@7d626f2, org.springframework.security.web.header.HeaderWriterFilter@7d4d65f5, org.springframework.web.filter.CorsFilter@2e159116, org.springframework.security.web.authentication.logout.LogoutFilter@43ab9ae9, com.example.demo.security.JWTAuthenticationFilter@d1f23a0, com.example.demo.security.JWTAuthorizationFilter@2976ca51, org.springframework.security.web.savedrequest.RequestCacheAwareFilter@31e7afde, org.springframework.security.web.servletapi.SecurityContextHolderAwareRequestFilter@7a1ddbf1, org.springframework.security.web.authentication.AnonymousAuthenticationFilter@6b091a92, org.springframework.security.web.session.SessionManagementFilter@123ca460, org.springframework.security.web.access.ExceptionTranslationFilter@76db9048, org.springframework.security.web.access.intercept.FilterSecurityInterceptor@120411ec]
2019-11-09 12:45:15.373  INFO 21572 --- [main] o.s.s.concurrent.ThreadPoolTaskExecutor  : Initializing ExecutorService 'applicationTaskExecutor'
2019-11-09 12:45:17.211  WARN 21572 --- [main] aWebConfiguration$JpaWebMvcConfiguration : spring.jpa.open-in-view is enabled by default. Therefore, database queries may be performed during view rendering. Explicitly configure spring.jpa.open-in-view to disable this warning
2019-11-09 12:45:23.504  INFO 21572 --- [main] o.s.s.c.ThreadPoolTaskScheduler          : Initializing ExecutorService 'taskScheduler'
2019-11-09 12:45:24.126  INFO 21572 --- [main] o.s.i.endpoint.EventDrivenConsumer       : Adding {logging-channel-adapter:_org.springframework.integration.errorLogger} as a subscriber to the 'errorChannel' channel
2019-11-09 12:45:24.254  INFO 21572 --- [main] o.s.i.channel.PublishSubscribeChannel    : Channel 'application.errorChannel' has 1 subscriber(s).
2019-11-09 12:45:24.256  INFO 21572 --- [main] o.s.i.endpoint.EventDrivenConsumer       : started _org.springframework.integration.errorLogger
2019-11-09 12:45:24.561  INFO 21572 --- [main] o.s.b.w.embedded.tomcat.TomcatWebServer  : Tomcat started on port(s): 8080 (http) with context path ''
2019-11-09 12:45:24.625  INFO 21572 --- [main] com.example.demo.SareetaApplication      : Started SareetaApplication in 69.49 seconds (JVM running for 77.033)
2019-11-09 12:45:24.652 ERROR 21572 --- [main] com.example.demo.SareetaApplication      : Message logged at ERROR level
2019-11-09 12:45:24.655  WARN 21572 --- [main] com.example.demo.SareetaApplication      : Message logged at WARN level
2019-11-09 12:45:24.657  INFO 21572 --- [main] com.example.demo.SareetaApplication      : Message logged at INFO level
2019-11-09 16:20:55.039  WARN 21572 --- [HikariPool-1 housekeeper] com.zaxxer.hikari.pool.HikariPool        : HikariPool-1 - Thread starvation or clock leap detected (housekeeper delta=1h21m52s420ms105µs100ns).
2019-11-09 16:21:48.432  WARN 21572 --- [HikariPool-1 housekeeper] com.zaxxer.hikari.pool.HikariPool        : HikariPool-1 - Thread starvation or clock leap detected (housekeeper delta=59s382ms203µs600ns).
2019-11-09 17:01:55.142  WARN 21572 --- [HikariPool-1 housekeeper] com.zaxxer.hikari.pool.HikariPool        : HikariPool-1 - Thread starvation or clock leap detected (housekeeper delta=16m4s223ms650µs800ns).
